<?xml version="1.0" encoding="UTF-8"?>
<!-- Generated by org.testng.reporters.JUnitReportReporter -->
<testsuite hostname="DESKTOP-G6KIFE9" name="TestNGAutomation2.java.TestNGcase4" tests="2" failures="0" timestamp="13 Sep 2019 14:58:28 GMT" time="0.031" errors="0">
  <testcase name="access1" time="0.016" classname="TestNGAutomation2.java.TestNGcase4"/>
  <testcase name="access" time="0.015" classname="TestNGAutomation2.java.TestNGcase4"/>
</testsuite> <!-- TestNGAutomation2.java.TestNGcase4 -->
