<?xml version="1.0" encoding="UTF-8"?>
<!-- Generated by org.testng.reporters.JUnitReportReporter -->
<testsuite hostname="DESKTOP-G6KIFE9" name="TestNGAutomation2.java.TestNGcase3" tests="2" failures="0" timestamp="28 Aug 2019 16:42:49 GMT" time="0.000" errors="0">
  <testcase name="control" time="0.000" classname="TestNGAutomation2.java.TestNGcase3"/>
  <testcase name="control1" time="0.000" classname="TestNGAutomation2.java.TestNGcase3"/>
</testsuite> <!-- TestNGAutomation2.java.TestNGcase3 -->
