<?xml version="1.0" encoding="UTF-8"?>
<!-- Generated by org.testng.reporters.JUnitReportReporter -->
<testsuite hostname="DESKTOP-G6KIFE9" name="TestNGAutomation3.java.TestNGcase6" tests="2" failures="0" timestamp="28 Aug 2019 16:43:52 GMT" time="0.012" errors="0">
  <testcase name="designpattern" time="0.004" classname="TestNGAutomation3.java.TestNGcase6"/>
  <testcase name="designpattern1" time="0.008" classname="TestNGAutomation3.java.TestNGcase6"/>
</testsuite> <!-- TestNGAutomation3.java.TestNGcase6 -->
