<?xml version="1.0" encoding="UTF-8"?>
<!-- Generated by org.testng.reporters.JUnitReportReporter -->
<testsuite hostname="DESKTOP-G6KIFE9" name="TestNGAutomation1.java.TestNGcase1" tests="1" failures="0" timestamp="13 Sep 2019 14:58:01 GMT" time="0.016" errors="0">
  <testcase name="main" time="0.016" classname="TestNGAutomation1.java.TestNGcase1"/>
</testsuite> <!-- TestNGAutomation1.java.TestNGcase1 -->
