<?xml version="1.0" encoding="UTF-8"?>
<!-- Generated by org.testng.reporters.JUnitReportReporter -->
<testsuite hostname="DESKTOP-G6KIFE9" name="TestNGAutomation1.java.TestNGcase2" tests="2" failures="0" timestamp="28 Aug 2019 16:40:38 GMT" time="0.032" errors="0">
  <testcase name="hello" time="0.012" classname="TestNGAutomation1.java.TestNGcase2"/>
  <testcase name="hello1" time="0.020" classname="TestNGAutomation1.java.TestNGcase2"/>
</testsuite> <!-- TestNGAutomation1.java.TestNGcase2 -->
