<?xml version="1.0" encoding="UTF-8"?>
<!-- Generated by org.testng.reporters.JUnitReportReporter -->
<testsuite hostname="DESKTOP-G6KIFE9" name="com.selenium.TestNG.java.Testing1" tests="1" failures="0" timestamp="22 Aug 2019 10:06:43 GMT" time="0.014" errors="0">
  <testcase name="hai" time="0.014" classname="com.selenium.TestNG.java.Testing1"/>
</testsuite> <!-- com.selenium.TestNG.java.Testing1 -->
